<?xml version="1.0" encoding="UTF-8"?>
<testsuite name="ticket.booking.LibraryTest" tests="1" skipped="0" failures="0" errors="0" timestamp="2025-02-21T10:30:23" hostname="MOKSHITH_NAYAK" time="0.005">
  <properties/>
  <testcase name="someLibraryMethodReturnsTrue" classname="ticket.booking.LibraryTest" time="0.005"/>
  <system-out><![CDATA[]]></system-out>
  <system-err><![CDATA[]]></system-err>
</testsuite>
